Using pre-set license
Built from '2020.3/staging' branch; Version is '2020.3.30f1 (1fb1bf06830e) revision 2077119'; Using compiler version '192528614'; Build Type 'Release'
OS: 'Windows 10  (10.0.19044) 64bit Core' Language: 'en' Physical Memory: 16332 MB
BatchMode: 1, IsHumanControllingUs: 0, StartBugReporterOnCrash: 0, Is64bit: 1, IsPro: 0

COMMAND LINE ARGUMENTS:
C:\Program Files\Unity\Hub\Editor\2020.3.30f1\Editor\Unity.exe
-adb2
-batchMode
-noUpm
-name
AssetImportWorker0
-projectPath
C:/Users/soy/cowgame2
-logFile
Logs/AssetImportWorker0.log
-srvPort
52055
Successfully changed project path to: C:/Users/soy/cowgame2
C:/Users/soy/cowgame2
Using Asset Import Pipeline V2.
Refreshing native plugins compatible for Editor in 36.67 ms, found 2 plugins.
Preloading 0 native plugins for Editor in 0.00 ms.
Initialize engine version: 2020.3.30f1 (1fb1bf06830e)
[Subsystems] Discovering subsystems at path C:/Program Files/Unity/Hub/Editor/2020.3.30f1/Editor/Data/Resources/UnitySubsystems
[Subsystems] Discovering subsystems at path C:/Users/soy/cowgame2/Assets
GfxDevice: creating device client; threaded=0
Direct3D:
    Version:  Direct3D 11.0 [level 11.1]
    Renderer: Radeon RX 580 Series (ID=0x67df)
    Vendor:   
    VRAM:     8171 MB
    Driver:   30.0.13023.4001
Initialize mono
Mono path[0] = 'C:/Program Files/Unity/Hub/Editor/2020.3.30f1/Editor/Data/Managed'
Mono path[1] = 'C:/Program Files/Unity/Hub/Editor/2020.3.30f1/Editor/Data/MonoBleedingEdge/lib/mono/unityjit'
Mono config path = 'C:/Program Files/Unity/Hub/Editor/2020.3.30f1/Editor/Data/MonoBleedingEdge/etc'
Using monoOptions --debugger-agent=transport=dt_socket,embedding=1,server=y,suspend=n,address=127.0.0.1:56436
Begin MonoManager ReloadAssembly
Registering precompiled unity dll's ...
Register platform support module: C:/Program Files/Unity/Hub/Editor/2020.3.30f1/Editor/Data/PlaybackEngines/WebGLSupport/UnityEditor.WebGL.Extensions.dll
Register platform support module: C:/Program Files/Unity/Hub/Editor/2020.3.30f1/Editor/Data/PlaybackEngines/WindowsStandaloneSupport/UnityEditor.WindowsStandalone.Extensions.dll
Registered in 0.003090 seconds.
Native extension for WindowsStandalone target not found
Native extension for WebGL target not found
Refreshing native plugins compatible for Editor in 35.48 ms, found 2 plugins.
Preloading 0 native plugins for Editor in 0.00 ms.
Mono: successfully reloaded assembly
- Completed reload, in  0.674 seconds
Domain Reload Profiling:
	ReloadAssembly (674ms)
		BeginReloadAssembly (80ms)
			ExecutionOrderSort (0ms)
			DisableScriptedObjects (0ms)
			BackupInstance (0ms)
			ReleaseScriptingObjects (0ms)
			CreateAndSetChildDomain (1ms)
		EndReloadAssembly (505ms)
			LoadAssemblies (78ms)
			RebuildTransferFunctionScriptingTraits (0ms)
			SetupTypeCache (170ms)
			ReleaseScriptCaches (0ms)
			RebuildScriptCaches (33ms)
			SetupLoadedEditorAssemblies (182ms)
				LogAssemblyErrors (0ms)
				InitializePlatformSupportModulesInManaged (6ms)
				SetLoadedEditorAssemblies (1ms)
				RefreshPlugins (36ms)
				BeforeProcessingInitializeOnLoad (10ms)
				ProcessInitializeOnLoadAttributes (98ms)
				ProcessInitializeOnLoadMethodAttributes (32ms)
				AfterProcessingInitializeOnLoad (0ms)
				EditorAssembliesLoaded (0ms)
			ExecutionOrderSort2 (0ms)
			AwakeInstancesAfterBackupRestoration (0ms)
Platform modules already initialized, skipping
Registering precompiled user dll's ...
Registered in 0.004894 seconds.
Begin MonoManager ReloadAssembly
Native extension for WindowsStandalone target not found
Native extension for WebGL target not found
Refreshing native plugins compatible for Editor in 0.75 ms, found 2 plugins.
Preloading 0 native plugins for Editor in 0.00 ms.
Mono: successfully reloaded assembly
- Completed reload, in  1.195 seconds
Domain Reload Profiling:
	ReloadAssembly (1196ms)
		BeginReloadAssembly (195ms)
			ExecutionOrderSort (0ms)
			DisableScriptedObjects (6ms)
			BackupInstance (0ms)
			ReleaseScriptingObjects (0ms)
			CreateAndSetChildDomain (28ms)
		EndReloadAssembly (922ms)
			LoadAssemblies (129ms)
			RebuildTransferFunctionScriptingTraits (0ms)
			SetupTypeCache (314ms)
			ReleaseScriptCaches (1ms)
			RebuildScriptCaches (46ms)
			SetupLoadedEditorAssemblies (344ms)
				LogAssemblyErrors (0ms)
				InitializePlatformSupportModulesInManaged (6ms)
				SetLoadedEditorAssemblies (1ms)
				RefreshPlugins (1ms)
				BeforeProcessingInitializeOnLoad (62ms)
				ProcessInitializeOnLoadAttributes (247ms)
				ProcessInitializeOnLoadMethodAttributes (16ms)
				AfterProcessingInitializeOnLoad (11ms)
				EditorAssembliesLoaded (0ms)
			ExecutionOrderSort2 (0ms)
			AwakeInstancesAfterBackupRestoration (9ms)
Platform modules already initialized, skipping
========================================================================
Worker process is ready to serve import requests
Launched and connected shader compiler UnityShaderCompiler.exe after 0.08 seconds
Refreshing native plugins compatible for Editor in 0.62 ms, found 2 plugins.
Preloading 0 native plugins for Editor in 0.00 ms.
Unloading 1516 Unused Serialized files (Serialized files now loaded: 0)
System memory in use before: 81.5 MB.
System memory in use after: 81.5 MB.

Unloading 16 unused Assets to reduce memory usage. Loaded Objects now: 1967.
Total: 3.060200 ms (FindLiveObjects: 0.152000 ms CreateObjectMapping: 0.038400 ms MarkObjects: 2.781800 ms  DeleteObjects: 0.087100 ms)

AssetImportParameters requested are different than current active one (requested -> active):
  custom:framework-win-MediaFoundation: 216162199b28c13a410421893ffa2e32 -> 
  custom:video-decoder-ogg-theora: a1e56fd34408186e4bbccfd4996cb3dc -> 
  custom:container-muxer-webm: aa71ff27fc2769a1b78a27578f13a17b -> 
  custom:container-demuxer-webm: 4f35f7cbe854078d1ac9338744f61a02 -> 
  custom:container-demuxer-ogg: 62fdf1f143b41e24485cea50d1cbac27 -> 
  custom:video-encoder-webm-vp8: eb34c28f22e8b96e1ab97ce403110664 -> 
  custom:video-decoder-webm-vp8: 9c59270c3fd7afecdb556c50c9e8de78 -> 
  custom:audio-decoder-ogg-vorbis: bf7c407c2cedff20999df2af8eb42d56 -> 
  custom:audio-encoder-webm-vorbis: bf7c407c2cedff20999df2af8eb42d56 -> 
========================================================================
Received Import Request.
  path: Assets/Fantasy Skybox FREE/Cubemaps/FS002/FS002_Rainy_Cubemap.mat
  artifactKey: Guid(d4e34faecb9b9564e941b0a4236003c7) Importer(815301076,1909f56bfc062723c751e8b465ee728b)
Start importing Assets/Fantasy Skybox FREE/Cubemaps/FS002/FS002_Rainy_Cubemap.mat using Guid(d4e34faecb9b9564e941b0a4236003c7) Importer(815301076,1909f56bfc062723c751e8b465ee728b)  -> (artifact id: '2bf11381b69d082fe5c8e108471e9d42') in 0.163758 seconds 
========================================================================
Received Import Request.
  Time since last request: 0.000178 seconds.
  path: Assets/Fantasy Skybox FREE/Cubemaps/FS002/FS002_Day_Sunless_Cubemap.mat
  artifactKey: Guid(1dfc2aa9d900889499587bd874c3da56) Importer(815301076,1909f56bfc062723c751e8b465ee728b)
Start importing Assets/Fantasy Skybox FREE/Cubemaps/FS002/FS002_Day_Sunless_Cubemap.mat using Guid(1dfc2aa9d900889499587bd874c3da56) Importer(815301076,1909f56bfc062723c751e8b465ee728b)  -> (artifact id: 'a1b54907841d00b72c1bce7be5838b6f') in 0.033335 seconds 
========================================================================
Received Import Request.
  Time since last request: 0.000385 seconds.
  path: Assets/Fantasy Skybox FREE/Cubemaps/FS002/FS002_Night_Cubemap.mat
  artifactKey: Guid(3f1e52dec055a3a4f850420ef19cb2b2) Importer(815301076,1909f56bfc062723c751e8b465ee728b)
Start importing Assets/Fantasy Skybox FREE/Cubemaps/FS002/FS002_Night_Cubemap.mat using Guid(3f1e52dec055a3a4f850420ef19cb2b2) Importer(815301076,1909f56bfc062723c751e8b465ee728b)  -> (artifact id: '1f3f53060662e6679503ce0b8cdb2802') in 0.028709 seconds 
========================================================================
Received Import Request.
  Time since last request: 0.000410 seconds.
  path: Assets/Fantasy Skybox FREE/Cubemaps/FS002/Images/FS002_Night_Moonless_Cubemap_up.png
  artifactKey: Guid(11eaa9f4f73aeb248921dd15ce537f5c) Importer(815301076,1909f56bfc062723c751e8b465ee728b)
Start importing Assets/Fantasy Skybox FREE/Cubemaps/FS002/Images/FS002_Night_Moonless_Cubemap_up.png using Guid(11eaa9f4f73aeb248921dd15ce537f5c) Importer(815301076,1909f56bfc062723c751e8b465ee728b)  -> (artifact id: '0d5209ba8d92adca9352f1d0a463310d') in 0.070292 seconds 
========================================================================
Received Import Request.
  Time since last request: 0.000150 seconds.
  path: Assets/Fantasy Skybox FREE/Cubemaps/FS002/Images/FS002_Sunrise_Cubemap_down.png
  artifactKey: Guid(3ddd9947dcae7c14cb42a3df8d1a5dc6) Importer(815301076,1909f56bfc062723c751e8b465ee728b)
Start importing Assets/Fantasy Skybox FREE/Cubemaps/FS002/Images/FS002_Sunrise_Cubemap_down.png using Guid(3ddd9947dcae7c14cb42a3df8d1a5dc6) Importer(815301076,1909f56bfc062723c751e8b465ee728b)  -> (artifact id: 'ca03511fc4ece726d3fd7187f7050217') in 0.019440 seconds 
========================================================================
Received Import Request.
  Time since last request: 0.000288 seconds.
  path: Assets/Fantasy Skybox FREE/Cubemaps/FS002/Images/FS002_Night_Moonless_Cubemap_left.png
  artifactKey: Guid(8d15536d3f1f2a3489020ddb892aa2cd) Importer(815301076,1909f56bfc062723c751e8b465ee728b)
Start importing Assets/Fantasy Skybox FREE/Cubemaps/FS002/Images/FS002_Night_Moonless_Cubemap_left.png using Guid(8d15536d3f1f2a3489020ddb892aa2cd) Importer(815301076,1909f56bfc062723c751e8b465ee728b)  -> (artifact id: 'b01fa095b6d5fdeb26e0821e14cf1b82') in 0.017518 seconds 
========================================================================
Received Import Request.
  Time since last request: 0.000457 seconds.
  path: Assets/Fantasy Skybox FREE/Cubemaps/FS002/Images/FS002_Snowy_Cubemap.cubemap
  artifactKey: Guid(995258c42c653784bbcdeda61e24002e) Importer(815301076,1909f56bfc062723c751e8b465ee728b)
Start importing Assets/Fantasy Skybox FREE/Cubemaps/FS002/Images/FS002_Snowy_Cubemap.cubemap using Guid(995258c42c653784bbcdeda61e24002e) Importer(815301076,1909f56bfc062723c751e8b465ee728b)  -> (artifact id: '67da40ff6b12ff2bcf6b079a63954a3a') in 0.382990 seconds 
========================================================================
Received Import Request.
  Time since last request: 0.000177 seconds.
  path: Assets/Fantasy Skybox FREE/Cubemaps/FS002/Images/FS002_Snowy_Cubemap_left.png
  artifactKey: Guid(8642b1410a7fe114998fa108e1f7f511) Importer(815301076,1909f56bfc062723c751e8b465ee728b)
Start importing Assets/Fantasy Skybox FREE/Cubemaps/FS002/Images/FS002_Snowy_Cubemap_left.png using Guid(8642b1410a7fe114998fa108e1f7f511) Importer(815301076,1909f56bfc062723c751e8b465ee728b)  -> (artifact id: 'd7c1aa2786934c4bd8ecdb5ac1f8fbb0') in 0.020477 seconds 
========================================================================
Received Import Request.
  Time since last request: 0.000330 seconds.
  path: Assets/Fantasy Skybox FREE/Cubemaps/FS002/Images/FS002_Night_Cubemap_up.png
  artifactKey: Guid(6423a292befc83946b15b84c706de732) Importer(815301076,1909f56bfc062723c751e8b465ee728b)
Start importing Assets/Fantasy Skybox FREE/Cubemaps/FS002/Images/FS002_Night_Cubemap_up.png using Guid(6423a292befc83946b15b84c706de732) Importer(815301076,1909f56bfc062723c751e8b465ee728b)  -> (artifact id: 'ad8768cae63e2e9893f8fe9de6138ea7') in 0.022459 seconds 
========================================================================
Received Import Request.
  Time since last request: 0.000313 seconds.
  path: Assets/Fantasy Skybox FREE/Cubemaps/FS002/Images/FS002_Day_Cubemap_down.png
  artifactKey: Guid(20556ff95cea2fa44a44cd07980dae85) Importer(815301076,1909f56bfc062723c751e8b465ee728b)
Start importing Assets/Fantasy Skybox FREE/Cubemaps/FS002/Images/FS002_Day_Cubemap_down.png using Guid(20556ff95cea2fa44a44cd07980dae85) Importer(815301076,1909f56bfc062723c751e8b465ee728b)  -> (artifact id: 'ebdadf9a066d29b74daf265b95c4fa14') in 0.015185 seconds 
========================================================================
Received Import Request.
  Time since last request: 0.000522 seconds.
  path: Assets/Fantasy Skybox FREE/Cubemaps/FS002/Images/FS002_Sunrise_Cubemap_back.png
  artifactKey: Guid(b4ccf83220ab6a841a75c3f6ed87b039) Importer(815301076,1909f56bfc062723c751e8b465ee728b)
Start importing Assets/Fantasy Skybox FREE/Cubemaps/FS002/Images/FS002_Sunrise_Cubemap_back.png using Guid(b4ccf83220ab6a841a75c3f6ed87b039) Importer(815301076,1909f56bfc062723c751e8b465ee728b)  -> (artifact id: '1749cd3719b37a4779ba5169f9f6c436') in 0.022740 seconds 
========================================================================
Received Import Request.
  Time since last request: 0.000185 seconds.
  path: Assets/Fantasy Skybox FREE/Cubemaps/FS002/FS002_Snowy_Cubemap.mat
  artifactKey: Guid(a3a02bda0a9032049ad25627480b5d20) Importer(815301076,1909f56bfc062723c751e8b465ee728b)
Start importing Assets/Fantasy Skybox FREE/Cubemaps/FS002/FS002_Snowy_Cubemap.mat using Guid(a3a02bda0a9032049ad25627480b5d20) Importer(815301076,1909f56bfc062723c751e8b465ee728b)  -> (artifact id: '106b37f8935ba0c966daf76c11c1fedb') in 0.031103 seconds 
========================================================================
Received Import Request.
  Time since last request: 0.000145 seconds.
  path: Assets/Fantasy Skybox FREE/Cubemaps/FS002/Images/FS002_Night_Moonless_Cubemap_right.png
  artifactKey: Guid(cbc272ab67a6bd94da126c47f62eb6a1) Importer(815301076,1909f56bfc062723c751e8b465ee728b)
Start importing Assets/Fantasy Skybox FREE/Cubemaps/FS002/Images/FS002_Night_Moonless_Cubemap_right.png using Guid(cbc272ab67a6bd94da126c47f62eb6a1) Importer(815301076,1909f56bfc062723c751e8b465ee728b)  -> (artifact id: 'a79b6016bbfcfa0d2f2ab385091c7906') in 0.021604 seconds 
========================================================================
Received Import Request.
  Time since last request: 0.000369 seconds.
  path: Assets/Fantasy Skybox FREE/Cubemaps/FS002/Images
  artifactKey: Guid(5b2d5485e96a77647ba075f272f9dbe0) Importer(815301076,1909f56bfc062723c751e8b465ee728b)
Start importing Assets/Fantasy Skybox FREE/Cubemaps/FS002/Images using Guid(5b2d5485e96a77647ba075f272f9dbe0) Importer(815301076,1909f56bfc062723c751e8b465ee728b)  -> (artifact id: '8b473dfd35217880600561079d947faa') in 0.016489 seconds 
========================================================================
Received Import Request.
  Time since last request: 0.000526 seconds.
  path: Assets/Fantasy Skybox FREE/Cubemaps/FS002/Images/FS002_Snowy_Cubemap_back.png
  artifactKey: Guid(5875b46e70f9195419867415f77eef23) Importer(815301076,1909f56bfc062723c751e8b465ee728b)
Start importing Assets/Fantasy Skybox FREE/Cubemaps/FS002/Images/FS002_Snowy_Cubemap_back.png using Guid(5875b46e70f9195419867415f77eef23) Importer(815301076,1909f56bfc062723c751e8b465ee728b)  -> (artifact id: '1a335b2c680eea1fe50ae499391e3c74') in 0.027709 seconds 
========================================================================
Received Import Request.
  Time since last request: 0.000513 seconds.
  path: Assets/Fantasy Skybox FREE/Cubemaps/FS002/FS002_Day_Cubemap.mat
  artifactKey: Guid(94d852a7748a347489661febea5eafc6) Importer(815301076,1909f56bfc062723c751e8b465ee728b)
Start importing Assets/Fantasy Skybox FREE/Cubemaps/FS002/FS002_Day_Cubemap.mat using Guid(94d852a7748a347489661febea5eafc6) Importer(815301076,1909f56bfc062723c751e8b465ee728b)  -> (artifact id: 'c859e097478030addee599759d6a632f') in 0.042391 seconds 
========================================================================
Received Import Request.
  Time since last request: 0.000213 seconds.
  path: Assets/Fantasy Skybox FREE/Cubemaps/FS002/Images/FS002_Snowy_Cubemap_down.png
  artifactKey: Guid(02d4a4399e8152b41b7f44f1777b82fc) Importer(815301076,1909f56bfc062723c751e8b465ee728b)
Start importing Assets/Fantasy Skybox FREE/Cubemaps/FS002/Images/FS002_Snowy_Cubemap_down.png using Guid(02d4a4399e8152b41b7f44f1777b82fc) Importer(815301076,1909f56bfc062723c751e8b465ee728b)  -> (artifact id: 'bd189fa0e73e170bd2086834f5d685e1') in 0.026273 seconds 
========================================================================
Received Import Request.
  Time since last request: 0.000253 seconds.
  path: Assets/Fantasy Skybox FREE/Cubemaps/FS002/Images/FS002_Sunset_Cubemap.cubemap
  artifactKey: Guid(6b15d921064ff3946a766fa4b8433080) Importer(815301076,1909f56bfc062723c751e8b465ee728b)
Start importing Assets/Fantasy Skybox FREE/Cubemaps/FS002/Images/FS002_Sunset_Cubemap.cubemap using Guid(6b15d921064ff3946a766fa4b8433080) Importer(815301076,1909f56bfc062723c751e8b465ee728b)  -> (artifact id: 'e13ac7b6e12f183be0c0ae493c876010') in 0.314656 seconds 
========================================================================
Received Import Request.
  Time since last request: 0.000296 seconds.
  path: Assets/Fantasy Skybox FREE/Cubemaps/FS002/Images/FS002_Rainy_Cubemap_left.png
  artifactKey: Guid(3747ea63f013cdd478a366edd0fcdc4f) Importer(815301076,1909f56bfc062723c751e8b465ee728b)
Start importing Assets/Fantasy Skybox FREE/Cubemaps/FS002/Images/FS002_Rainy_Cubemap_left.png using Guid(3747ea63f013cdd478a366edd0fcdc4f) Importer(815301076,1909f56bfc062723c751e8b465ee728b)  -> (artifact id: 'e28123bf8ad0cc9a062efa1314fb904c') in 0.015731 seconds 
========================================================================
Received Import Request.
  Time since last request: 0.000328 seconds.
  path: Assets/Fantasy Skybox FREE/Cubemaps/FS002/Images/FS002_Night_Cubemap_right.png
  artifactKey: Guid(c75a63ebdcee1db45b07756a3a2f2350) Importer(815301076,1909f56bfc062723c751e8b465ee728b)
Start importing Assets/Fantasy Skybox FREE/Cubemaps/FS002/Images/FS002_Night_Cubemap_right.png using Guid(c75a63ebdcee1db45b07756a3a2f2350) Importer(815301076,1909f56bfc062723c751e8b465ee728b)  -> (artifact id: 'd738349738f73b4ee5a36a9db1d6a6e5') in 0.024292 seconds 
========================================================================
Received Import Request.
  Time since last request: 0.000320 seconds.
  path: Assets/Fantasy Skybox FREE/Cubemaps/FS002/FS002_Night_Moonless_Cubemap.mat
  artifactKey: Guid(9c94282089393fd4dba21f9f9b72149e) Importer(815301076,1909f56bfc062723c751e8b465ee728b)
Start importing Assets/Fantasy Skybox FREE/Cubemaps/FS002/FS002_Night_Moonless_Cubemap.mat using Guid(9c94282089393fd4dba21f9f9b72149e) Importer(815301076,1909f56bfc062723c751e8b465ee728b)  -> (artifact id: '64cba9a8c38e4cc57661848b5e0d5229') in 0.036242 seconds 
========================================================================
Received Import Request.
  Time since last request: 0.000855 seconds.
  path: Assets/Fantasy Skybox FREE/Cubemaps/FS002/Images/FS002_Rainy_Cubemap_down.png
  artifactKey: Guid(c0718f3f75575524d86b09eb3052e548) Importer(815301076,1909f56bfc062723c751e8b465ee728b)
Start importing Assets/Fantasy Skybox FREE/Cubemaps/FS002/Images/FS002_Rainy_Cubemap_down.png using Guid(c0718f3f75575524d86b09eb3052e548) Importer(815301076,1909f56bfc062723c751e8b465ee728b)  -> (artifact id: 'a06f888af3b54a4b36ff78cd20842aa9') in 0.018883 seconds 
========================================================================
Received Import Request.
  Time since last request: 0.000193 seconds.
  path: Assets/Fantasy Skybox FREE/Cubemaps/FS002/Images/FS002_Day_Cubemap_back.png
  artifactKey: Guid(ceb380b2cee94b64ca5f68c23e9cc957) Importer(815301076,1909f56bfc062723c751e8b465ee728b)
Start importing Assets/Fantasy Skybox FREE/Cubemaps/FS002/Images/FS002_Day_Cubemap_back.png using Guid(ceb380b2cee94b64ca5f68c23e9cc957) Importer(815301076,1909f56bfc062723c751e8b465ee728b)  -> (artifact id: 'd686caff3ea6594aa8d25ae7f37cdb15') in 0.021112 seconds 
========================================================================
Received Import Request.
  Time since last request: 0.000297 seconds.
  path: Assets/Fantasy Skybox FREE/Cubemaps/FS002/Images/FS002_Rainy_Cubemap_back.png
  artifactKey: Guid(d99d23b7d55d3d643b3723f62b0c3b63) Importer(815301076,1909f56bfc062723c751e8b465ee728b)
Start importing Assets/Fantasy Skybox FREE/Cubemaps/FS002/Images/FS002_Rainy_Cubemap_back.png using Guid(d99d23b7d55d3d643b3723f62b0c3b63) Importer(815301076,1909f56bfc062723c751e8b465ee728b)  -> (artifact id: 'cf478f588007e366eafb5a5831cb9875') in 0.015577 seconds 
========================================================================
Received Import Request.
  Time since last request: 0.000467 seconds.
  path: Assets/Fantasy Skybox FREE/Cubemaps/FS002/Images/FS002_Night_Cubemap_down.png
  artifactKey: Guid(99f1ee3fa7b9cbd4c93ad9cf81a902cd) Importer(815301076,1909f56bfc062723c751e8b465ee728b)
Start importing Assets/Fantasy Skybox FREE/Cubemaps/FS002/Images/FS002_Night_Cubemap_down.png using Guid(99f1ee3fa7b9cbd4c93ad9cf81a902cd) Importer(815301076,1909f56bfc062723c751e8b465ee728b)  -> (artifact id: '2eea458270a5b3f3a5d2bc9ddcb4580b') in 0.018832 seconds 
========================================================================
Received Import Request.
  Time since last request: 0.000267 seconds.
  path: Assets/Fantasy Skybox FREE/Cubemaps/FS002/Images/FS002_Sunset_Cubemap_back.png
  artifactKey: Guid(6dc4d65bb368d574d9270d589e1fbcf5) Importer(815301076,1909f56bfc062723c751e8b465ee728b)
Start importing Assets/Fantasy Skybox FREE/Cubemaps/FS002/Images/FS002_Sunset_Cubemap_back.png using Guid(6dc4d65bb368d574d9270d589e1fbcf5) Importer(815301076,1909f56bfc062723c751e8b465ee728b)  -> (artifact id: '89bb346e63489321288c7670d7b8abdf') in 0.023895 seconds 
========================================================================
Received Import Request.
  Time since last request: 0.000457 seconds.
  path: Assets/Fantasy Skybox FREE/Cubemaps/FS002/Images/FS002_Night_Moonless_Cubemap.cubemap
  artifactKey: Guid(6af7725426e611242b59b886806f5cb9) Importer(815301076,1909f56bfc062723c751e8b465ee728b)
Start importing Assets/Fantasy Skybox FREE/Cubemaps/FS002/Images/FS002_Night_Moonless_Cubemap.cubemap using Guid(6af7725426e611242b59b886806f5cb9) Importer(815301076,1909f56bfc062723c751e8b465ee728b)  -> (artifact id: '6a044c1f432cb9df35f851029253a849') in 0.391629 seconds 
========================================================================
Received Import Request.
  Time since last request: 0.000637 seconds.
  path: Assets/Fantasy Skybox FREE/Cubemaps/FS002/Images/FS002_Night_Cubemap_back.png
  artifactKey: Guid(f61aef5e13145de47a7f4b800e15a447) Importer(815301076,1909f56bfc062723c751e8b465ee728b)
Start importing Assets/Fantasy Skybox FREE/Cubemaps/FS002/Images/FS002_Night_Cubemap_back.png using Guid(f61aef5e13145de47a7f4b800e15a447) Importer(815301076,1909f56bfc062723c751e8b465ee728b)  -> (artifact id: '7da94d9cf8c3f439845a82ea164dd138') in 0.030140 seconds 
========================================================================
Received Import Request.
  Time since last request: 0.000400 seconds.
  path: Assets/Fantasy Skybox FREE/Cubemaps/FS002/Images/FS002_Sunset_Cubemap_down.png
  artifactKey: Guid(d1b036af59234c947a220f861faf96d5) Importer(815301076,1909f56bfc062723c751e8b465ee728b)
Start importing Assets/Fantasy Skybox FREE/Cubemaps/FS002/Images/FS002_Sunset_Cubemap_down.png using Guid(d1b036af59234c947a220f861faf96d5) Importer(815301076,1909f56bfc062723c751e8b465ee728b)  -> (artifact id: '790515e0074b540de63a6228e39624d3') in 0.032832 seconds 
========================================================================
Received Import Request.
  Time since last request: 0.000995 seconds.
  path: Assets/Fantasy Skybox FREE/Cubemaps/FS002/Images/FS002_Day_Sunless_Cubemap_front.png
  artifactKey: Guid(0409987aaf14d4343bbf0b0e5f9e4dbf) Importer(815301076,1909f56bfc062723c751e8b465ee728b)
Start importing Assets/Fantasy Skybox FREE/Cubemaps/FS002/Images/FS002_Day_Sunless_Cubemap_front.png using Guid(0409987aaf14d4343bbf0b0e5f9e4dbf) Importer(815301076,1909f56bfc062723c751e8b465ee728b)  -> (artifact id: '9662f6b81820ef7977431f1ddb2601a4') in 0.025100 seconds 
========================================================================
Received Import Request.
  Time since last request: 0.000630 seconds.
  path: Assets/Fantasy Skybox FREE/Cubemaps/FS002/Images/FS002_Night_Moonless_Cubemap_back.png
  artifactKey: Guid(e8786530aab0b1d4a8c68e1a66f8fbe1) Importer(815301076,1909f56bfc062723c751e8b465ee728b)
Start importing Assets/Fantasy Skybox FREE/Cubemaps/FS002/Images/FS002_Night_Moonless_Cubemap_back.png using Guid(e8786530aab0b1d4a8c68e1a66f8fbe1) Importer(815301076,1909f56bfc062723c751e8b465ee728b)  -> (artifact id: '2ce3d369962a3a9226cbdd3c4cdc47d7') in 0.027982 seconds 
========================================================================
Received Import Request.
  Time since last request: 0.000625 seconds.
  path: Assets/Fantasy Skybox FREE/Cubemaps/FS002/Images/FS002_Day_Cubemap_right.png
  artifactKey: Guid(80c88082f8ee85e43906e07025f0b0ca) Importer(815301076,1909f56bfc062723c751e8b465ee728b)
Start importing Assets/Fantasy Skybox FREE/Cubemaps/FS002/Images/FS002_Day_Cubemap_right.png using Guid(80c88082f8ee85e43906e07025f0b0ca) Importer(815301076,1909f56bfc062723c751e8b465ee728b)  -> (artifact id: '25a074f2511f6d6326a0cd10931a4dc7') in 0.021865 seconds 
========================================================================
Received Import Request.
  Time since last request: 0.000746 seconds.
  path: Assets/Fantasy Skybox FREE/Cubemaps/FS002/Images/FS002_Sunset_Cubemap_right.png
  artifactKey: Guid(66d7c927b0f788d4fb3a1c12b15fdcb5) Importer(815301076,1909f56bfc062723c751e8b465ee728b)
Start importing Assets/Fantasy Skybox FREE/Cubemaps/FS002/Images/FS002_Sunset_Cubemap_right.png using Guid(66d7c927b0f788d4fb3a1c12b15fdcb5) Importer(815301076,1909f56bfc062723c751e8b465ee728b)  -> (artifact id: 'a28d8b4fd635944215ede3f8ed35c3d2') in 0.024397 seconds 
========================================================================
Received Import Request.
  Time since last request: 0.000334 seconds.
  path: Assets/Fantasy Skybox FREE/Cubemaps/FS002/Images/FS002_Day_Sunless_Cubemap_down.png
  artifactKey: Guid(53400c1bbe9952c4e8874222bea3d17a) Importer(815301076,1909f56bfc062723c751e8b465ee728b)
Start importing Assets/Fantasy Skybox FREE/Cubemaps/FS002/Images/FS002_Day_Sunless_Cubemap_down.png using Guid(53400c1bbe9952c4e8874222bea3d17a) Importer(815301076,1909f56bfc062723c751e8b465ee728b)  -> (artifact id: '0eecce07542135a74775cd1c1ecf069c') in 0.024678 seconds 
========================================================================
Received Import Request.
  Time since last request: 0.000269 seconds.
  path: Assets/Fantasy Skybox FREE/Cubemaps/FS002/Images/FS002_Rainy_Cubemap_up.png
  artifactKey: Guid(d2256633dec885f48a58aff279ec6fdc) Importer(815301076,1909f56bfc062723c751e8b465ee728b)
Start importing Assets/Fantasy Skybox FREE/Cubemaps/FS002/Images/FS002_Rainy_Cubemap_up.png using Guid(d2256633dec885f48a58aff279ec6fdc) Importer(815301076,1909f56bfc062723c751e8b465ee728b)  -> (artifact id: '7f26fe1879a5d4da18d447c43b63f01d') in 0.024426 seconds 
========================================================================
Received Import Request.
  Time since last request: 0.000546 seconds.
  path: Assets/Fantasy Skybox FREE/Cubemaps/FS002/Images/FS002_Day_Cubemap.cubemap
  artifactKey: Guid(ebaa0716f467b2e46ad598de33148cd1) Importer(815301076,1909f56bfc062723c751e8b465ee728b)
Start importing Assets/Fantasy Skybox FREE/Cubemaps/FS002/Images/FS002_Day_Cubemap.cubemap using Guid(ebaa0716f467b2e46ad598de33148cd1) Importer(815301076,1909f56bfc062723c751e8b465ee728b)  -> (artifact id: '593b45000e615809748eeb4c306e285a') in 0.366501 seconds 
========================================================================
Received Import Request.
  Time since last request: 0.000261 seconds.
  path: Assets/Fantasy Skybox FREE/Cubemaps/FS002/Images/FS002_Day_Cubemap_up.png
  artifactKey: Guid(f51f90147d7350747957e1c406e8d741) Importer(815301076,1909f56bfc062723c751e8b465ee728b)
Start importing Assets/Fantasy Skybox FREE/Cubemaps/FS002/Images/FS002_Day_Cubemap_up.png using Guid(f51f90147d7350747957e1c406e8d741) Importer(815301076,1909f56bfc062723c751e8b465ee728b)  -> (artifact id: '2db2f22196164b8add2481cd8cb34cff') in 0.027138 seconds 
========================================================================
Received Import Request.
  Time since last request: 0.000274 seconds.
  path: Assets/Fantasy Skybox FREE/Cubemaps/FS002/FS002_Sunrise_Cubemap.mat
  artifactKey: Guid(eb8fd6bd252589744b602770b09ccbd7) Importer(815301076,1909f56bfc062723c751e8b465ee728b)
Start importing Assets/Fantasy Skybox FREE/Cubemaps/FS002/FS002_Sunrise_Cubemap.mat using Guid(eb8fd6bd252589744b602770b09ccbd7) Importer(815301076,1909f56bfc062723c751e8b465ee728b)  -> (artifact id: '43967e4960fd19f897093d6dea431e31') in 0.039005 seconds 
========================================================================
Received Import Request.
  Time since last request: 0.000897 seconds.
  path: Assets/Fantasy Skybox FREE/Cubemaps/FS002/Images/FS002_Sunrise_Cubemap_left.png
  artifactKey: Guid(c4dcc1981668b5c4992edee31e9bcc82) Importer(815301076,1909f56bfc062723c751e8b465ee728b)
Start importing Assets/Fantasy Skybox FREE/Cubemaps/FS002/Images/FS002_Sunrise_Cubemap_left.png using Guid(c4dcc1981668b5c4992edee31e9bcc82) Importer(815301076,1909f56bfc062723c751e8b465ee728b)  -> (artifact id: '892f8e0fe40275e29697c30a0fb7d8aa') in 0.023663 seconds 
========================================================================
Received Import Request.
  Time since last request: 0.000741 seconds.
  path: Assets/Fantasy Skybox FREE/Cubemaps/FS002/Images/FS002_Night_Cubemap_front.png
  artifactKey: Guid(b7e7a8d676da05c47a63ff0e9dccd511) Importer(815301076,1909f56bfc062723c751e8b465ee728b)
Start importing Assets/Fantasy Skybox FREE/Cubemaps/FS002/Images/FS002_Night_Cubemap_front.png using Guid(b7e7a8d676da05c47a63ff0e9dccd511) Importer(815301076,1909f56bfc062723c751e8b465ee728b)  -> (artifact id: 'ee3e49901d20b15ecce7c5df62aa6478') in 0.025355 seconds 
========================================================================
Received Import Request.
  Time since last request: 0.000397 seconds.
  path: Assets/Fantasy Skybox FREE/Cubemaps/FS002/Images/FS002_Day_Sunless_Cubemap_up.png
  artifactKey: Guid(e51a6ed6a5279d943a83bc460f75babf) Importer(815301076,1909f56bfc062723c751e8b465ee728b)
Start importing Assets/Fantasy Skybox FREE/Cubemaps/FS002/Images/FS002_Day_Sunless_Cubemap_up.png using Guid(e51a6ed6a5279d943a83bc460f75babf) Importer(815301076,1909f56bfc062723c751e8b465ee728b)  -> (artifact id: '2e56ac70b2ad5b4d0a323243a9475680') in 0.022581 seconds 
========================================================================
Received Import Request.
  Time since last request: 0.000573 seconds.
  path: Assets/Fantasy Skybox FREE/Cubemaps/FS002/Images/FS002_Day_Sunless_Cubemap_back.png
  artifactKey: Guid(6ab28d3b61bdbbe43b8d2d25aeaef4d3) Importer(815301076,1909f56bfc062723c751e8b465ee728b)
Start importing Assets/Fantasy Skybox FREE/Cubemaps/FS002/Images/FS002_Day_Sunless_Cubemap_back.png using Guid(6ab28d3b61bdbbe43b8d2d25aeaef4d3) Importer(815301076,1909f56bfc062723c751e8b465ee728b)  -> (artifact id: '228be4fbde6f42edb01fadc51c8289bc') in 0.023789 seconds 
========================================================================
Received Import Request.
  Time since last request: 0.000169 seconds.
  path: Assets/Fantasy Skybox FREE/Cubemaps/FS002/Images/FS002_Sunrise_Cubemap.cubemap
  artifactKey: Guid(a068c526daeca0c4ea9bdbec9a251bd6) Importer(815301076,1909f56bfc062723c751e8b465ee728b)
Start importing Assets/Fantasy Skybox FREE/Cubemaps/FS002/Images/FS002_Sunrise_Cubemap.cubemap using Guid(a068c526daeca0c4ea9bdbec9a251bd6) Importer(815301076,1909f56bfc062723c751e8b465ee728b)  -> (artifact id: '5c192940558c6f3509e923bbf44eed93') in 0.363444 seconds 
========================================================================
Received Import Request.
  Time since last request: 0.000189 seconds.
  path: Assets/Fantasy Skybox FREE/Cubemaps/FS002/Images/FS002_Sunrise_Cubemap_right.png
  artifactKey: Guid(39714dc27ce0d9846bc94cc179c793b1) Importer(815301076,1909f56bfc062723c751e8b465ee728b)
Start importing Assets/Fantasy Skybox FREE/Cubemaps/FS002/Images/FS002_Sunrise_Cubemap_right.png using Guid(39714dc27ce0d9846bc94cc179c793b1) Importer(815301076,1909f56bfc062723c751e8b465ee728b)  -> (artifact id: 'fedd84cb0afe7d3277f8ec63d6fb39f9') in 0.024311 seconds 
========================================================================
Received Import Request.
  Time since last request: 0.000368 seconds.
  path: Assets/Fantasy Skybox FREE/Cubemaps/FS002/Images/FS002_Day_Sunless_Cubemap.cubemap
  artifactKey: Guid(bd29e26ce260cf6469bb6afcba3d8518) Importer(815301076,1909f56bfc062723c751e8b465ee728b)
Start importing Assets/Fantasy Skybox FREE/Cubemaps/FS002/Images/FS002_Day_Sunless_Cubemap.cubemap using Guid(bd29e26ce260cf6469bb6afcba3d8518) Importer(815301076,1909f56bfc062723c751e8b465ee728b)  -> (artifact id: '4350580b30d0b6d7cfcd5c9366626b3b') in 0.364245 seconds 
========================================================================
Received Import Request.
  Time since last request: 0.000162 seconds.
  path: Assets/Fantasy Skybox FREE/Cubemaps/FS002/Images/FS002_Night_Moonless_Cubemap_down.png
  artifactKey: Guid(7882ac1dcab7a194ebe99d7d338c053c) Importer(815301076,1909f56bfc062723c751e8b465ee728b)
Start importing Assets/Fantasy Skybox FREE/Cubemaps/FS002/Images/FS002_Night_Moonless_Cubemap_down.png using Guid(7882ac1dcab7a194ebe99d7d338c053c) Importer(815301076,1909f56bfc062723c751e8b465ee728b)  -> (artifact id: '189dc8cf338a25a4cb15d918641d3bcb') in 0.027960 seconds 
========================================================================
Received Import Request.
  Time since last request: 0.000273 seconds.
  path: Assets/Fantasy Skybox FREE/Cubemaps/FS002/Images/FS002_Snowy_Cubemap_right.png
  artifactKey: Guid(dead6ae1c3ae9ac44b05f135de3d58cc) Importer(815301076,1909f56bfc062723c751e8b465ee728b)
Start importing Assets/Fantasy Skybox FREE/Cubemaps/FS002/Images/FS002_Snowy_Cubemap_right.png using Guid(dead6ae1c3ae9ac44b05f135de3d58cc) Importer(815301076,1909f56bfc062723c751e8b465ee728b)  -> (artifact id: '610689c2839a574c0b92eaab8cef0f5c') in 0.027959 seconds 
========================================================================
Received Import Request.
  Time since last request: 0.000403 seconds.
  path: Assets/Fantasy Skybox FREE/Cubemaps/FS002/Images/FS002_Rainy_Cubemap_front.png
  artifactKey: Guid(bfbb5e11b6214524e9917d9177cecd36) Importer(815301076,1909f56bfc062723c751e8b465ee728b)
Start importing Assets/Fantasy Skybox FREE/Cubemaps/FS002/Images/FS002_Rainy_Cubemap_front.png using Guid(bfbb5e11b6214524e9917d9177cecd36) Importer(815301076,1909f56bfc062723c751e8b465ee728b)  -> (artifact id: '65c9996d23847aa2d5217008ff642216') in 0.028088 seconds 
========================================================================
Received Import Request.
  Time since last request: 0.000205 seconds.
  path: Assets/Fantasy Skybox FREE/Cubemaps/FS002/Images/FS002_Day_Sunless_Cubemap_right.png
  artifactKey: Guid(44fb23d418a29cd4a945ee25157aeb4c) Importer(815301076,1909f56bfc062723c751e8b465ee728b)
Start importing Assets/Fantasy Skybox FREE/Cubemaps/FS002/Images/FS002_Day_Sunless_Cubemap_right.png using Guid(44fb23d418a29cd4a945ee25157aeb4c) Importer(815301076,1909f56bfc062723c751e8b465ee728b)  -> (artifact id: '97ecb72f18e4e4fbeeb1d4e9a0d4d9e9') in 0.022150 seconds 
========================================================================
Received Import Request.
  Time since last request: 0.000493 seconds.
  path: Assets/Fantasy Skybox FREE/Cubemaps/FS002/Images/FS002_Sunrise_Cubemap_front.png
  artifactKey: Guid(3af64c6c8b148e742a850fa606a286b0) Importer(815301076,1909f56bfc062723c751e8b465ee728b)
Start importing Assets/Fantasy Skybox FREE/Cubemaps/FS002/Images/FS002_Sunrise_Cubemap_front.png using Guid(3af64c6c8b148e742a850fa606a286b0) Importer(815301076,1909f56bfc062723c751e8b465ee728b)  -> (artifact id: '78d4f6fc2934a04a83e85a16a0a8b1a7') in 0.024709 seconds 
========================================================================
Received Import Request.
  Time since last request: 0.000335 seconds.
  path: Assets/Fantasy Skybox FREE/Cubemaps/FS002/Images/FS002_Night_Moonless_Cubemap_front.png
  artifactKey: Guid(4681e222d05fd4347b8525f407bb62b2) Importer(815301076,1909f56bfc062723c751e8b465ee728b)
Start importing Assets/Fantasy Skybox FREE/Cubemaps/FS002/Images/FS002_Night_Moonless_Cubemap_front.png using Guid(4681e222d05fd4347b8525f407bb62b2) Importer(815301076,1909f56bfc062723c751e8b465ee728b)  -> (artifact id: '051ad5126cc29f525486f40e91e51ea9') in 0.023732 seconds 
========================================================================
Received Import Request.
  Time since last request: 0.000489 seconds.
  path: Assets/Fantasy Skybox FREE/Cubemaps/FS002/Images/FS002_Sunset_Cubemap_front.png
  artifactKey: Guid(6d8406ccba0700c4886ae844afb80f57) Importer(815301076,1909f56bfc062723c751e8b465ee728b)
Start importing Assets/Fantasy Skybox FREE/Cubemaps/FS002/Images/FS002_Sunset_Cubemap_front.png using Guid(6d8406ccba0700c4886ae844afb80f57) Importer(815301076,1909f56bfc062723c751e8b465ee728b)  -> (artifact id: '9b773339cd13cb47b1037792edd8b729') in 0.016749 seconds 
========================================================================
Received Import Request.
  Time since last request: 0.000872 seconds.
  path: Assets/Fantasy Skybox FREE/Cubemaps/FS002/Images/FS002_Sunset_Cubemap_up.png
  artifactKey: Guid(81862312e363d5548903cdb0d34a93ca) Importer(815301076,1909f56bfc062723c751e8b465ee728b)
Start importing Assets/Fantasy Skybox FREE/Cubemaps/FS002/Images/FS002_Sunset_Cubemap_up.png using Guid(81862312e363d5548903cdb0d34a93ca) Importer(815301076,1909f56bfc062723c751e8b465ee728b)  -> (artifact id: 'b153c909007ec863571b5c427f2e5d56') in 0.018668 seconds 
========================================================================
Received Import Request.
  Time since last request: 0.000206 seconds.
  path: Assets/Fantasy Skybox FREE/Cubemaps/FS002/Images/FS002_Night_Cubemap_left.png
  artifactKey: Guid(5f814ef635d916d42a927ac22171b567) Importer(815301076,1909f56bfc062723c751e8b465ee728b)
Start importing Assets/Fantasy Skybox FREE/Cubemaps/FS002/Images/FS002_Night_Cubemap_left.png using Guid(5f814ef635d916d42a927ac22171b567) Importer(815301076,1909f56bfc062723c751e8b465ee728b)  -> (artifact id: '3323e70b901a9984bd0ed0997855b508') in 0.021283 seconds 
========================================================================
Received Import Request.
  Time since last request: 0.000543 seconds.
  path: Assets/Fantasy Skybox FREE/Cubemaps/FS002/Images/FS002_Day_Cubemap_front.png
  artifactKey: Guid(2ad190412b7214d4dbac8b94d41040ab) Importer(815301076,1909f56bfc062723c751e8b465ee728b)
Start importing Assets/Fantasy Skybox FREE/Cubemaps/FS002/Images/FS002_Day_Cubemap_front.png using Guid(2ad190412b7214d4dbac8b94d41040ab) Importer(815301076,1909f56bfc062723c751e8b465ee728b)  -> (artifact id: '8269cbd9f3bf943db2360acd1599a0a5') in 0.023101 seconds 
========================================================================
Received Import Request.
  Time since last request: 0.000336 seconds.
  path: Assets/Fantasy Skybox FREE/Cubemaps/FS002/Images/FS002_Day_Sunless_Cubemap_left.png
  artifactKey: Guid(e10543b194b4ea54fabde2e5472ba8de) Importer(815301076,1909f56bfc062723c751e8b465ee728b)
Start importing Assets/Fantasy Skybox FREE/Cubemaps/FS002/Images/FS002_Day_Sunless_Cubemap_left.png using Guid(e10543b194b4ea54fabde2e5472ba8de) Importer(815301076,1909f56bfc062723c751e8b465ee728b)  -> (artifact id: '2baf8c13f5c11bb9e6b9387b3ccf1c5f') in 0.012341 seconds 
========================================================================
Received Import Request.
  Time since last request: 0.000244 seconds.
  path: Assets/Fantasy Skybox FREE/Cubemaps/FS002/Images/FS002_Rainy_Cubemap.cubemap
  artifactKey: Guid(b30035c21f53ad04981ddd751ed608a4) Importer(815301076,1909f56bfc062723c751e8b465ee728b)
Start importing Assets/Fantasy Skybox FREE/Cubemaps/FS002/Images/FS002_Rainy_Cubemap.cubemap using Guid(b30035c21f53ad04981ddd751ed608a4) Importer(815301076,1909f56bfc062723c751e8b465ee728b)  -> (artifact id: 'ed4d58e9b78c213458aafd0e9899dea0') in 0.302666 seconds 
========================================================================
Received Import Request.
  Time since last request: 0.000423 seconds.
  path: Assets/Fantasy Skybox FREE/Cubemaps/FS002/Images/FS002_Rainy_Cubemap_right.png
  artifactKey: Guid(3801b17911f2cb043908d148f751116a) Importer(815301076,1909f56bfc062723c751e8b465ee728b)
Start importing Assets/Fantasy Skybox FREE/Cubemaps/FS002/Images/FS002_Rainy_Cubemap_right.png using Guid(3801b17911f2cb043908d148f751116a) Importer(815301076,1909f56bfc062723c751e8b465ee728b)  -> (artifact id: '64523b35d0ce4e5eb33226b547bd7f1e') in 0.014557 seconds 
========================================================================
Received Import Request.
  Time since last request: 0.000159 seconds.
  path: Assets/Fantasy Skybox FREE/Cubemaps/FS002/Images/FS002_Snowy_Cubemap_front.png
  artifactKey: Guid(1f486f5feb0d1534197eb4ff4b9bc5ca) Importer(815301076,1909f56bfc062723c751e8b465ee728b)
Start importing Assets/Fantasy Skybox FREE/Cubemaps/FS002/Images/FS002_Snowy_Cubemap_front.png using Guid(1f486f5feb0d1534197eb4ff4b9bc5ca) Importer(815301076,1909f56bfc062723c751e8b465ee728b)  -> (artifact id: 'cb0eaf967436a7c7fa1b20076205a6f1') in 0.017355 seconds 
========================================================================
Received Import Request.
  Time since last request: 0.000223 seconds.
  path: Assets/Fantasy Skybox FREE/Cubemaps/FS002/Images/FS002_Night_Cubemap.cubemap
  artifactKey: Guid(da75575e77bc9304683635a65523ee70) Importer(815301076,1909f56bfc062723c751e8b465ee728b)
Start importing Assets/Fantasy Skybox FREE/Cubemaps/FS002/Images/FS002_Night_Cubemap.cubemap using Guid(da75575e77bc9304683635a65523ee70) Importer(815301076,1909f56bfc062723c751e8b465ee728b)  -> (artifact id: 'cb0063d9977adf699931b3af4f3781e5') in 0.298187 seconds 
========================================================================
Received Import Request.
  Time since last request: 0.000394 seconds.
  path: Assets/Fantasy Skybox FREE/Cubemaps/FS002/FS002_Sunset_Cubemap.mat
  artifactKey: Guid(a59fe87939f259d40a7ee37624c9568b) Importer(815301076,1909f56bfc062723c751e8b465ee728b)
Start importing Assets/Fantasy Skybox FREE/Cubemaps/FS002/FS002_Sunset_Cubemap.mat using Guid(a59fe87939f259d40a7ee37624c9568b) Importer(815301076,1909f56bfc062723c751e8b465ee728b)  -> (artifact id: '4946e5471de94ec1239878b383c9509e') in 0.024989 seconds 
========================================================================
Received Import Request.
  Time since last request: 0.000331 seconds.
  path: Assets/Fantasy Skybox FREE/Cubemaps/FS002/Images/FS002_Sunset_Cubemap_left.png
  artifactKey: Guid(5d277067822490e4fa51534ec7091853) Importer(815301076,1909f56bfc062723c751e8b465ee728b)
Start importing Assets/Fantasy Skybox FREE/Cubemaps/FS002/Images/FS002_Sunset_Cubemap_left.png using Guid(5d277067822490e4fa51534ec7091853) Importer(815301076,1909f56bfc062723c751e8b465ee728b)  -> (artifact id: 'dceef0b0c18ebd6e40b052ce201431d8') in 0.013811 seconds 
========================================================================
Received Import Request.
  Time since last request: 0.000440 seconds.
  path: Assets/Fantasy Skybox FREE/Cubemaps/FS002/Images/FS002_Day_Cubemap_left.png
  artifactKey: Guid(c9a386eb63853164db9186b026d55a5e) Importer(815301076,1909f56bfc062723c751e8b465ee728b)
Start importing Assets/Fantasy Skybox FREE/Cubemaps/FS002/Images/FS002_Day_Cubemap_left.png using Guid(c9a386eb63853164db9186b026d55a5e) Importer(815301076,1909f56bfc062723c751e8b465ee728b)  -> (artifact id: '346166d1a51f8c2528a12a44d9f390ac') in 0.023625 seconds 
========================================================================
Received Import Request.
  Time since last request: 0.000201 seconds.
  path: Assets/Fantasy Skybox FREE/Cubemaps/FS002/Images/FS002_Snowy_Cubemap_up.png
  artifactKey: Guid(d8939e90d83381342b380f950e2728fa) Importer(815301076,1909f56bfc062723c751e8b465ee728b)
Start importing Assets/Fantasy Skybox FREE/Cubemaps/FS002/Images/FS002_Snowy_Cubemap_up.png using Guid(d8939e90d83381342b380f950e2728fa) Importer(815301076,1909f56bfc062723c751e8b465ee728b)  -> (artifact id: 'abeae6dfcba923e7c0cc439ee4808f87') in 0.023007 seconds 
========================================================================
Received Import Request.
  Time since last request: 0.000531 seconds.
  path: Assets/Fantasy Skybox FREE/Cubemaps/FS002/Images/FS002_Sunrise_Cubemap_up.png
  artifactKey: Guid(4ac4900bf972e5143b74b72ef3ae47ac) Importer(815301076,1909f56bfc062723c751e8b465ee728b)
Start importing Assets/Fantasy Skybox FREE/Cubemaps/FS002/Images/FS002_Sunrise_Cubemap_up.png using Guid(4ac4900bf972e5143b74b72ef3ae47ac) Importer(815301076,1909f56bfc062723c751e8b465ee728b)  -> (artifact id: 'b72ac850ecb751a4ba40afd70ecf81be') in 0.021337 seconds 
========================================================================
Received Import Request.
  Time since last request: 6.701931 seconds.
  path: Assets/Grass And Flowers Pack 1/Example Scene
  artifactKey: Guid(0f9d9f58b465f8248938b85f9370f353) Importer(815301076,1909f56bfc062723c751e8b465ee728b)
Start importing Assets/Grass And Flowers Pack 1/Example Scene using Guid(0f9d9f58b465f8248938b85f9370f353) Importer(815301076,1909f56bfc062723c751e8b465ee728b)  -> (artifact id: '264d4e5f661a5928ad52cae33cb5c7c5') in 0.010902 seconds 
========================================================================
Received Import Request.
  Time since last request: 12.316660 seconds.
  path: Assets/Grass And Flowers Pack 1/Example Scene/SimpleTextureDrawing.cs
  artifactKey: Guid(85685964e3711a847beb8d2f8cb7fd32) Importer(815301076,1909f56bfc062723c751e8b465ee728b)
Start importing Assets/Grass And Flowers Pack 1/Example Scene/SimpleTextureDrawing.cs using Guid(85685964e3711a847beb8d2f8cb7fd32) Importer(815301076,1909f56bfc062723c751e8b465ee728b)  -> (artifact id: '148defd541c66f06d7d203a5e24fb0ae') in 0.010924 seconds 
AssetImportWorkerClient::OnTransportError - code=2 error=End of file
